10-07-2019 22:35:55 :: [appium_core.utilities.MyLogger - main][INFO ] - Configured
10-07-2019 22:35:55 :: [appium_core.utilities.MyLogger - main][ERROR] - Error
10-07-2019 22:37:59 :: [appium_core.utilities.MyLogger - main][INFO ] - Configured
10-07-2019 22:37:59 :: [appium_core.utilities.MyLogger - main][ERROR] - Error
10-07-2019 22:37:59 :: [appium_core.utilities.MyLogger - main][FATAL] - Fatal
10-07-2019 22:38:38 :: [appium_core.utilities.MyLogger - main][INFO ] - Configured
10-07-2019 22:38:38 :: [appium_core.utilities.MyLogger - main][ERROR] - Error
10-07-2019 22:38:38 :: [appium_core.utilities.MyLogger - main][FATAL] - Fatal
10-08-2019 08:28:41 :: [appium_core.utilities.StartAppiumServer - setUp][INFO ] - Appium server is started
10-08-2019 08:28:41 :: [appium_core.utilities.StartAppiumServer - setUp][INFO ] - Desired capabilities is created
10-08-2019 08:28:41 :: [appium_core.utilities.StartAppiumServer - setUp][INFO ] - Url is set
10-08-2019 08:35:42 :: [appium_core.utilities.StartAppiumServer - setUp][INFO ] - Appium server is started
10-08-2019 08:35:42 :: [appium_core.utilities.StartAppiumServer - setUp][INFO ] - Desired capabilities is created
10-08-2019 08:35:42 :: [appium_core.utilities.StartAppiumServer - setUp][INFO ] - Url is set
10-08-2019 09:03:13 :: [appium_core.utilities.StartAppiumServer - setUp][INFO ] - Appium server is started..
10-08-2019 09:03:13 :: [appium_core.utilities.StartAppiumServer - setUp][INFO ] - Desired capabilities is created
10-08-2019 09:03:13 :: [appium_core.utilities.StartAppiumServer - setUp][INFO ] - Url is set
10-08-2019 09:12:24 :: [appium_core.utilities.StartAppiumServer - setUp][INFO ] - Appium server is started..
10-08-2019 09:12:24 :: [appium_core.utilities.StartAppiumServer - setUp][INFO ] - Desired capabilities is created
10-08-2019 09:12:24 :: [appium_core.utilities.StartAppiumServer - setUp][INFO ] - Url is set
10-08-2019 09:12:36 :: [appium_core.utilities.StartAppiumServer - setUp][INFO ] - Appium server is started..
10-08-2019 09:12:36 :: [appium_core.utilities.StartAppiumServer - setUp][INFO ] - Desired capabilities is created
10-08-2019 09:12:36 :: [appium_core.utilities.StartAppiumServer - setUp][INFO ] - Url is set
10-08-2019 09:14:24 :: [appium_core.utilities.StartAppiumServer - setUp][INFO ] - Ios instance driver is created
10-08-2019 09:41:28 :: [appium_core.tests.SwipeVertical - setUp][INFO ] - Appium server is started..
10-08-2019 09:41:28 :: [appium_core.tests.SwipeVertical - setUp][INFO ] - Desired capabilities is created
10-08-2019 09:41:28 :: [appium_core.tests.SwipeVertical - setUp][INFO ] - Url is set
10-08-2019 09:41:52 :: [appium_core.tests.SwipeVertical - setUp][INFO ] - Ios instance driver is created
10-08-2019 10:43:01 :: [appium_core.tests.SwipeVertical - setUp][INFO ] - Appium server is started..
10-08-2019 10:43:01 :: [appium_core.tests.SwipeVertical - setUp][INFO ] - Desired capabilities is created
10-08-2019 10:43:01 :: [appium_core.tests.SwipeVertical - setUp][INFO ] - Url is set
10-08-2019 10:43:06 :: [appium_core.tests.SwipeVertical - setUp][INFO ] - Ios instance driver is created
10-08-2019 10:43:43 :: [appium_core.tests.SwipeVertical - setUp][INFO ] - Appium server is started..
10-08-2019 10:43:43 :: [appium_core.tests.SwipeVertical - setUp][INFO ] - Desired capabilities is created
10-08-2019 10:43:43 :: [appium_core.tests.SwipeVertical - setUp][INFO ] - Url is set
10-08-2019 10:44:05 :: [appium_core.tests.SwipeVertical - setUp][INFO ] - Ios instance driver is created
10-08-2019 10:46:52 :: [appium_core.tests.SwipeVertical - setUp][INFO ] - Appium server is started..
10-08-2019 10:46:52 :: [appium_core.tests.SwipeVertical - setUp][INFO ] - Desired capabilities is created
10-08-2019 10:46:52 :: [appium_core.tests.SwipeVertical - setUp][INFO ] - Url is set
10-08-2019 10:46:57 :: [appium_core.tests.SwipeVertical - setUp][INFO ] - Ios instance driver is created
10-08-2019 10:48:05 :: [appium_core.tests.SwipeVertical - setUp][INFO ] - Appium server is started..
10-08-2019 10:48:05 :: [appium_core.tests.SwipeVertical - setUp][INFO ] - Desired capabilities is created
10-08-2019 10:48:05 :: [appium_core.tests.SwipeVertical - setUp][INFO ] - Url is set
10-08-2019 10:48:11 :: [appium_core.tests.SwipeVertical - setUp][INFO ] - Ios instance driver is created
10-08-2019 10:59:15 :: [appium_core.tests.SwipeVertical - setUp][INFO ] - Appium server is started..
10-08-2019 10:59:15 :: [appium_core.tests.SwipeVertical - setUp][INFO ] - Desired capabilities is created
10-08-2019 10:59:15 :: [appium_core.tests.SwipeVertical - setUp][INFO ] - Url is set
10-08-2019 11:00:25 :: [appium_core.tests.SwipeVertical - setUp][INFO ] - Appium server is started..
10-08-2019 11:00:25 :: [appium_core.tests.SwipeVertical - setUp][INFO ] - Desired capabilities is created
10-08-2019 11:00:25 :: [appium_core.tests.SwipeVertical - setUp][INFO ] - Url is set
10-08-2019 11:00:49 :: [appium_core.tests.SwipeVertical - setUp][INFO ] - Appium server is started..
10-08-2019 11:00:49 :: [appium_core.tests.SwipeVertical - setUp][INFO ] - Desired capabilities is created
10-08-2019 11:00:49 :: [appium_core.tests.SwipeVertical - setUp][INFO ] - Url is set
10-08-2019 11:06:02 :: [appium_core.tests.SwipeVertical - setUp][INFO ] - Appium server is started..
10-08-2019 11:06:02 :: [appium_core.tests.SwipeVertical - setUp][INFO ] - Desired capabilities is created
10-08-2019 11:06:02 :: [appium_core.tests.SwipeVertical - setUp][INFO ] - Url is set
10-08-2019 11:08:23 :: [appium_core.tests.SwipeVertical - setUp][INFO ] - Appium server is started..
10-08-2019 11:08:23 :: [appium_core.tests.SwipeVertical - setUp][INFO ] - Desired capabilities is created
10-08-2019 11:08:23 :: [appium_core.tests.SwipeVertical - setUp][INFO ] - Url is set
10-08-2019 11:09:08 :: [appium_core.tests.SwipeVertical - setUp][INFO ] - Appium server is started..
10-08-2019 11:09:08 :: [appium_core.tests.SwipeVertical - setUp][INFO ] - Desired capabilities is created
10-08-2019 11:09:08 :: [appium_core.tests.SwipeVertical - setUp][INFO ] - Url is set
10-08-2019 11:11:03 :: [appium_core.tests.SwipeVertical - setUp][INFO ] - Appium server is started..
10-08-2019 11:11:03 :: [appium_core.tests.SwipeVertical - setUp][INFO ] - Desired capabilities is created
10-08-2019 11:11:03 :: [appium_core.tests.SwipeVertical - setUp][INFO ] - Url is set
10-08-2019 11:13:58 :: [appium_core.tests.SwipeVertical - setUp][INFO ] - Appium server is started..
10-08-2019 11:13:58 :: [appium_core.tests.SwipeVertical - setUp][INFO ] - Desired capabilities is created
10-08-2019 11:13:58 :: [appium_core.tests.SwipeVertical - setUp][INFO ] - Url is set
10-08-2019 11:15:17 :: [appium_core.tests.SwipeVertical - setUp][INFO ] - Appium server is started..
10-08-2019 11:15:17 :: [appium_core.tests.SwipeVertical - setUp][INFO ] - Desired capabilities is created
10-08-2019 11:15:17 :: [appium_core.tests.SwipeVertical - setUp][INFO ] - Url is set
10-08-2019 11:16:37 :: [appium_core.utilities.StartAppiumServer - setUp][INFO ] - Appium server is started..
10-08-2019 11:16:37 :: [appium_core.utilities.StartAppiumServer - setUp][INFO ] - Desired capabilities is created
10-08-2019 11:16:37 :: [appium_core.utilities.StartAppiumServer - setUp][INFO ] - Url is set
10-08-2019 11:21:08 :: [appium_core.utilities.StartAppiumServer - setUp][INFO ] - Appium server is started..
10-08-2019 11:21:08 :: [appium_core.utilities.StartAppiumServer - setUp][INFO ] - Desired capabilities is created
10-08-2019 11:21:08 :: [appium_core.utilities.StartAppiumServer - setUp][INFO ] - Url is set
10-08-2019 12:04:04 :: [appium_core.utilities.StartAppiumServer - setUp][INFO ] - Appium server is started..
10-08-2019 12:04:04 :: [appium_core.utilities.StartAppiumServer - setUp][INFO ] - Desired capabilities is created
10-08-2019 12:04:04 :: [appium_core.utilities.StartAppiumServer - setUp][INFO ] - Url is set
10-08-2019 12:07:13 :: [appium_core.utilities.StartAppiumServer - setUp][INFO ] - Appium server is started..
10-08-2019 12:07:13 :: [appium_core.utilities.StartAppiumServer - setUp][INFO ] - Desired capabilities is created
10-08-2019 12:07:13 :: [appium_core.utilities.StartAppiumServer - setUp][INFO ] - Url is set
10-08-2019 12:07:41 :: [appium_core.utilities.StartAppiumServer - setUp][INFO ] - Appium server is started..
10-08-2019 12:07:41 :: [appium_core.utilities.StartAppiumServer - setUp][INFO ] - Desired capabilities is created
10-08-2019 12:07:41 :: [appium_core.utilities.StartAppiumServer - setUp][INFO ] - Url is set
10-08-2019 14:10:38 :: [appium_core.utilities.StartAppiumServer - setUp][INFO ] - Appium server is started..
10-08-2019 14:10:38 :: [appium_core.utilities.StartAppiumServer - setUp][INFO ] - Desired capabilities is created
10-08-2019 14:10:38 :: [appium_core.utilities.StartAppiumServer - setUp][INFO ] - Url is set
10-08-2019 14:11:26 :: [appium_core.utilities.StartAppiumServer - setUp][INFO ] - Appium server is started..
10-08-2019 14:11:26 :: [appium_core.utilities.StartAppiumServer - setUp][INFO ] - Desired capabilities is created
10-08-2019 14:11:26 :: [appium_core.utilities.StartAppiumServer - setUp][INFO ] - Url is set
10-08-2019 14:11:39 :: [appium_core.utilities.StartAppiumServer - setUp][INFO ] - Appium server is started..
10-08-2019 14:11:39 :: [appium_core.utilities.StartAppiumServer - setUp][INFO ] - Desired capabilities is created
10-08-2019 14:11:39 :: [appium_core.utilities.StartAppiumServer - setUp][INFO ] - Url is set
10-08-2019 15:38:38 :: [appium_core.utilities.StartAppiumServer - setUp][INFO ] - Appium server is started..
10-08-2019 15:38:38 :: [appium_core.utilities.StartAppiumServer - setUp][INFO ] - Desired capabilities is created
10-08-2019 15:38:38 :: [appium_core.utilities.StartAppiumServer - setUp][INFO ] - Url is set
10-08-2019 15:38:55 :: [appium_core.utilities.StartAppiumServer - setUp][INFO ] - Appium server is started..
10-08-2019 15:38:55 :: [appium_core.utilities.StartAppiumServer - setUp][INFO ] - Desired capabilities is created
10-08-2019 15:38:55 :: [appium_core.utilities.StartAppiumServer - setUp][INFO ] - Url is set
10-08-2019 15:42:21 :: [appium_core.utilities.StartAppiumServer - setUp][INFO ] - Appium server is started..
10-08-2019 15:42:21 :: [appium_core.utilities.StartAppiumServer - setUp][INFO ] - Desired capabilities is created
10-08-2019 15:42:21 :: [appium_core.utilities.StartAppiumServer - setUp][INFO ] - Url is set
10-08-2019 15:43:11 :: [appium_core.utilities.StartAppiumServer - setUp][INFO ] - Ios instance driver is created
10-08-2019 15:49:01 :: [appium_core.tests.SwipeVertical - setUp][INFO ] - Appium server is started..
10-08-2019 15:49:01 :: [appium_core.tests.SwipeVertical - setUp][INFO ] - Desired capabilities is created
10-08-2019 15:49:01 :: [appium_core.tests.SwipeVertical - setUp][INFO ] - Url is set
10-08-2019 15:49:17 :: [appium_core.tests.SwipeVertical - setUp][INFO ] - Appium server is started..
10-08-2019 15:49:17 :: [appium_core.tests.SwipeVertical - setUp][INFO ] - Desired capabilities is created
10-08-2019 15:49:17 :: [appium_core.tests.SwipeVertical - setUp][INFO ] - Url is set
10-08-2019 15:49:58 :: [appium_core.tests.SwipeVertical - setUp][INFO ] - Appium server is started..
10-08-2019 15:49:58 :: [appium_core.tests.SwipeVertical - setUp][INFO ] - Desired capabilities is created
10-08-2019 15:49:58 :: [appium_core.tests.SwipeVertical - setUp][INFO ] - Url is set
10-08-2019 15:50:27 :: [appium_core.tests.SwipeVertical - setUp][INFO ] - Ios instance driver is created
10-08-2019 15:56:41 :: [appium_core.tests.SwipeVertical - setUp][INFO ] - Appium server is started..
10-08-2019 15:56:41 :: [appium_core.tests.SwipeVertical - setUp][INFO ] - Desired capabilities is created
10-08-2019 15:56:41 :: [appium_core.tests.SwipeVertical - setUp][INFO ] - Url is set
10-08-2019 15:56:47 :: [appium_core.tests.SwipeVertical - setUp][INFO ] - Ios instance driver is created
10-08-2019 16:04:16 :: [appium_core.tests.SwipeVertical - setUp][INFO ] - Appium server is started..
10-08-2019 16:04:16 :: [appium_core.tests.SwipeVertical - setUp][INFO ] - Desired capabilities is created
10-08-2019 16:04:16 :: [appium_core.tests.SwipeVertical - setUp][INFO ] - Url is set
10-08-2019 16:04:31 :: [appium_core.tests.SwipeVertical - setUp][INFO ] - Ios instance driver is created
10-08-2019 16:05:12 :: [appium_core.tests.SwipeVertical - setUp][INFO ] - Appium server is started..
10-08-2019 16:05:12 :: [appium_core.tests.SwipeVertical - setUp][INFO ] - Desired capabilities is created
10-08-2019 16:05:12 :: [appium_core.tests.SwipeVertical - setUp][INFO ] - Url is set
10-08-2019 16:05:24 :: [appium_core.tests.SwipeVertical - setUp][INFO ] - Ios instance driver is created
10-08-2019 16:18:56 :: [appium_core.tests.SwipeVertical - setUp][INFO ] - Appium server is started..
10-08-2019 16:18:56 :: [appium_core.tests.SwipeVertical - setUp][INFO ] - Desired capabilities is created
10-08-2019 16:18:56 :: [appium_core.tests.SwipeVertical - setUp][INFO ] - Url is set
10-08-2019 16:19:23 :: [appium_core.tests.SwipeVertical - setUp][INFO ] - Ios instance driver is created
10-08-2019 16:21:17 :: [appium_core.tests.SwipeVertical - setUp][INFO ] - Appium server is started..
10-08-2019 16:21:17 :: [appium_core.tests.SwipeVertical - setUp][INFO ] - Desired capabilities is created
10-08-2019 16:21:17 :: [appium_core.tests.SwipeVertical - setUp][INFO ] - Url is set
10-08-2019 16:21:23 :: [appium_core.tests.SwipeVertical - setUp][INFO ] - Ios instance driver is created
10-08-2019 16:23:45 :: [appium_core.tests.SwipeVertical - setUp][INFO ] - Appium server is started..
10-08-2019 16:23:45 :: [appium_core.tests.SwipeVertical - setUp][INFO ] - Desired capabilities is created
10-08-2019 16:23:45 :: [appium_core.tests.SwipeVertical - setUp][INFO ] - Url is set
10-08-2019 16:23:51 :: [appium_core.tests.SwipeVertical - setUp][INFO ] - Ios instance driver is created
10-08-2019 16:35:22 :: [appium_core.tests.SwipeVertical - setUp][INFO ] - Appium server is started..
10-08-2019 16:35:22 :: [appium_core.tests.SwipeVertical - setUp][INFO ] - Desired capabilities is created
10-08-2019 16:35:22 :: [appium_core.tests.SwipeVertical - setUp][INFO ] - Url is set
10-08-2019 16:35:30 :: [appium_core.tests.SwipeVertical - setUp][INFO ] - Ios instance driver is created
10-08-2019 16:40:15 :: [appium_core.tests.SwipeVertical - setUp][INFO ] - Appium server is started..
10-08-2019 16:40:15 :: [appium_core.tests.SwipeVertical - setUp][INFO ] - Desired capabilities is created
10-08-2019 16:40:15 :: [appium_core.tests.SwipeVertical - setUp][INFO ] - Url is set
10-08-2019 16:40:21 :: [appium_core.tests.SwipeVertical - setUp][INFO ] - Ios instance driver is created
10-08-2019 16:40:47 :: [appium_core.tests.SwipeVertical - setUp][INFO ] - Appium server is started..
10-08-2019 16:40:47 :: [appium_core.tests.SwipeVertical - setUp][INFO ] - Desired capabilities is created
10-08-2019 16:40:47 :: [appium_core.tests.SwipeVertical - setUp][INFO ] - Url is set
10-08-2019 16:40:52 :: [appium_core.tests.SwipeVertical - setUp][INFO ] - Ios instance driver is created
10-08-2019 16:41:44 :: [appium_core.tests.SwipeVertical - setUp][INFO ] - Appium server is started..
10-08-2019 16:41:44 :: [appium_core.tests.SwipeVertical - setUp][INFO ] - Desired capabilities is created
10-08-2019 16:41:44 :: [appium_core.tests.SwipeVertical - setUp][INFO ] - Url is set
10-08-2019 16:41:50 :: [appium_core.tests.SwipeVertical - setUp][INFO ] - Ios instance driver is created
10-08-2019 16:59:25 :: [appium_core.tests.SwipeVertical - setUp][INFO ] - Appium server is started..
10-08-2019 16:59:25 :: [appium_core.tests.SwipeVertical - setUp][INFO ] - Desired capabilities is created
10-08-2019 16:59:25 :: [appium_core.tests.SwipeVertical - setUp][INFO ] - Url is set
10-08-2019 16:59:31 :: [appium_core.tests.SwipeVertical - setUp][INFO ] - Ios instance driver is created
10-08-2019 17:02:31 :: [appium_core.tests.SwipeVertical - setUp][INFO ] - Appium server is started..
10-08-2019 17:02:31 :: [appium_core.tests.SwipeVertical - setUp][INFO ] - Desired capabilities is created
10-08-2019 17:02:31 :: [appium_core.tests.SwipeVertical - setUp][INFO ] - Url is set
10-08-2019 17:02:49 :: [appium_core.tests.SwipeVertical - setUp][INFO ] - Ios instance driver is created
10-08-2019 17:05:46 :: [appium_core.tests.SwipeVertical - setUp][INFO ] - Appium server is started..
10-08-2019 17:05:46 :: [appium_core.tests.SwipeVertical - setUp][INFO ] - Desired capabilities is created
10-08-2019 17:05:46 :: [appium_core.tests.SwipeVertical - setUp][INFO ] - Url is set
10-08-2019 17:05:52 :: [appium_core.tests.SwipeVertical - setUp][INFO ] - Ios instance driver is created
10-08-2019 17:06:28 :: [appium_core.tests.SwipeVertical - setUp][INFO ] - Appium server is started..
10-08-2019 17:06:28 :: [appium_core.tests.SwipeVertical - setUp][INFO ] - Desired capabilities is created
10-08-2019 17:06:28 :: [appium_core.tests.SwipeVertical - setUp][INFO ] - Url is set
10-08-2019 17:06:33 :: [appium_core.tests.SwipeVertical - setUp][INFO ] - Ios instance driver is created
10-08-2019 17:07:16 :: [appium_core.tests.SwipeVertical - setUp][INFO ] - Appium server is started..
10-08-2019 17:07:16 :: [appium_core.tests.SwipeVertical - setUp][INFO ] - Desired capabilities is created
10-08-2019 17:07:16 :: [appium_core.tests.SwipeVertical - setUp][INFO ] - Url is set
10-08-2019 17:07:22 :: [appium_core.tests.SwipeVertical - setUp][INFO ] - Ios instance driver is created
10-08-2019 17:09:03 :: [appium_core.tests.SwipeVertical - setUp][INFO ] - Appium server is started..
10-08-2019 17:09:03 :: [appium_core.tests.SwipeVertical - setUp][INFO ] - Desired capabilities is created
10-08-2019 17:09:03 :: [appium_core.tests.SwipeVertical - setUp][INFO ] - Url is set
10-08-2019 17:09:09 :: [appium_core.tests.SwipeVertical - setUp][INFO ] - Ios instance driver is created
10-08-2019 17:09:54 :: [appium_core.tests.SwipeVertical - setUp][INFO ] - Appium server is started..
10-08-2019 17:09:54 :: [appium_core.tests.SwipeVertical - setUp][INFO ] - Desired capabilities is created
10-08-2019 17:09:54 :: [appium_core.tests.SwipeVertical - setUp][INFO ] - Url is set
10-08-2019 17:09:59 :: [appium_core.tests.SwipeVertical - setUp][INFO ] - Ios instance driver is created
10-08-2019 17:10:38 :: [appium_core.tests.SwipeVertical - setUp][INFO ] - Appium server is started..
10-08-2019 17:10:38 :: [appium_core.tests.SwipeVertical - setUp][INFO ] - Desired capabilities is created
10-08-2019 17:10:38 :: [appium_core.tests.SwipeVertical - setUp][INFO ] - Url is set
10-08-2019 17:10:44 :: [appium_core.tests.SwipeVertical - setUp][INFO ] - Ios instance driver is created
10-08-2019 17:11:09 :: [appium_core.tests.SwipeVertical - setUp][INFO ] - Appium server is started..
10-08-2019 17:11:09 :: [appium_core.tests.SwipeVertical - setUp][INFO ] - Desired capabilities is created
10-08-2019 17:11:09 :: [appium_core.tests.SwipeVertical - setUp][INFO ] - Url is set
10-08-2019 17:11:14 :: [appium_core.tests.SwipeVertical - setUp][INFO ] - Ios instance driver is created
10-08-2019 17:12:06 :: [appium_core.tests.SwipeVertical - setUp][INFO ] - Appium server is started..
10-08-2019 17:12:06 :: [appium_core.tests.SwipeVertical - setUp][INFO ] - Desired capabilities is created
10-08-2019 17:12:06 :: [appium_core.tests.SwipeVertical - setUp][INFO ] - Url is set
10-08-2019 17:12:22 :: [appium_core.tests.SwipeVertical - setUp][INFO ] - Ios instance driver is created
10-08-2019 17:12:41 :: [appium_core.tests.SwipeVertical - setUp][INFO ] - Appium server is started..
10-08-2019 17:12:41 :: [appium_core.tests.SwipeVertical - setUp][INFO ] - Desired capabilities is created
10-08-2019 17:12:41 :: [appium_core.tests.SwipeVertical - setUp][INFO ] - Url is set
10-08-2019 17:12:46 :: [appium_core.tests.SwipeVertical - setUp][INFO ] - Ios instance driver is created
10-08-2019 17:13:21 :: [appium_core.tests.SwipeVertical - setUp][INFO ] - Appium server is started..
10-08-2019 17:13:21 :: [appium_core.tests.SwipeVertical - setUp][INFO ] - Desired capabilities is created
10-08-2019 17:13:21 :: [appium_core.tests.SwipeVertical - setUp][INFO ] - Url is set
10-08-2019 17:13:56 :: [appium_core.tests.SwipeVertical - setUp][INFO ] - Ios instance driver is created
10-08-2019 17:16:40 :: [appium_core.tests.SwipeVertical - setUp][INFO ] - Appium server is started..
10-08-2019 17:16:40 :: [appium_core.tests.SwipeVertical - setUp][INFO ] - Desired capabilities is created
10-08-2019 17:16:40 :: [appium_core.tests.SwipeVertical - setUp][INFO ] - Url is set
10-08-2019 17:16:45 :: [appium_core.tests.SwipeVertical - setUp][INFO ] - Ios instance driver is created
10-08-2019 17:19:48 :: [appium_core.tests.SwipeVertical - setUp][INFO ] - Appium server is started..
10-08-2019 17:19:48 :: [appium_core.tests.SwipeVertical - setUp][INFO ] - Desired capabilities is created
10-08-2019 17:19:48 :: [appium_core.tests.SwipeVertical - setUp][INFO ] - Url is set
10-08-2019 17:19:53 :: [appium_core.tests.SwipeVertical - setUp][INFO ] - Ios instance driver is created
10-08-2019 17:20:14 :: [appium_core.tests.SwipeVertical - setUp][INFO ] - Appium server is started..
10-08-2019 17:20:14 :: [appium_core.tests.SwipeVertical - setUp][INFO ] - Desired capabilities is created
10-08-2019 17:20:14 :: [appium_core.tests.SwipeVertical - setUp][INFO ] - Url is set
10-08-2019 17:20:19 :: [appium_core.tests.SwipeVertical - setUp][INFO ] - Ios instance driver is created
10-08-2019 17:20:39 :: [appium_core.tests.SwipeVertical - setUp][INFO ] - Appium server is started..
10-08-2019 17:20:39 :: [appium_core.tests.SwipeVertical - setUp][INFO ] - Desired capabilities is created
10-08-2019 17:20:39 :: [appium_core.tests.SwipeVertical - setUp][INFO ] - Url is set
10-08-2019 17:20:44 :: [appium_core.tests.SwipeVertical - setUp][INFO ] - Ios instance driver is created
10-08-2019 17:21:16 :: [appium_core.tests.SwipeVertical - setUp][INFO ] - Appium server is started..
10-08-2019 17:21:16 :: [appium_core.tests.SwipeVertical - setUp][INFO ] - Desired capabilities is created
10-08-2019 17:21:16 :: [appium_core.tests.SwipeVertical - setUp][INFO ] - Url is set
10-08-2019 17:21:22 :: [appium_core.tests.SwipeVertical - setUp][INFO ] - Ios instance driver is created
10-08-2019 17:21:41 :: [appium_core.tests.SwipeVertical - setUp][INFO ] - Appium server is started..
10-08-2019 17:21:41 :: [appium_core.tests.SwipeVertical - setUp][INFO ] - Desired capabilities is created
10-08-2019 17:21:41 :: [appium_core.tests.SwipeVertical - setUp][INFO ] - Url is set
10-08-2019 17:21:46 :: [appium_core.tests.SwipeVertical - setUp][INFO ] - Ios instance driver is created
10-08-2019 17:22:09 :: [appium_core.tests.SwipeVertical - setUp][INFO ] - Appium server is started..
10-08-2019 17:22:09 :: [appium_core.tests.SwipeVertical - setUp][INFO ] - Desired capabilities is created
10-08-2019 17:22:09 :: [appium_core.tests.SwipeVertical - setUp][INFO ] - Url is set
10-08-2019 17:22:14 :: [appium_core.tests.SwipeVertical - setUp][INFO ] - Ios instance driver is created
10-08-2019 17:22:34 :: [appium_core.tests.SwipeVertical - setUp][INFO ] - Appium server is started..
10-08-2019 17:22:34 :: [appium_core.tests.SwipeVertical - setUp][INFO ] - Desired capabilities is created
10-08-2019 17:22:34 :: [appium_core.tests.SwipeVertical - setUp][INFO ] - Url is set
10-08-2019 17:22:39 :: [appium_core.tests.SwipeVertical - setUp][INFO ] - Ios instance driver is created
10-08-2019 19:00:13 :: [appium_core.tests.SwipeVertical - setUp][INFO ] - Appium server is started..
10-08-2019 19:00:13 :: [appium_core.tests.SwipeVertical - setUp][INFO ] - Desired capabilities is created
10-08-2019 19:00:13 :: [appium_core.tests.SwipeVertical - setUp][INFO ] - Url is set
10-08-2019 19:01:19 :: [appium_core.tests.SwipeVertical - setUp][INFO ] - Ios instance driver is created
10-08-2019 19:02:09 :: [appium_core.tests.SwipeVertical - setUp][INFO ] - Appium server is started..
10-08-2019 19:02:09 :: [appium_core.tests.SwipeVertical - setUp][INFO ] - Desired capabilities is created
10-08-2019 19:02:09 :: [appium_core.tests.SwipeVertical - setUp][INFO ] - Url is set
10-08-2019 19:02:43 :: [appium_core.tests.SwipeVertical - setUp][INFO ] - Ios instance driver is created
10-08-2019 19:04:43 :: [appium_core.tests.SwipeVertical - setUp][INFO ] - Appium server is started..
10-08-2019 19:04:43 :: [appium_core.tests.SwipeVertical - setUp][INFO ] - Desired capabilities is created
10-08-2019 19:04:43 :: [appium_core.tests.SwipeVertical - setUp][INFO ] - Url is set
10-08-2019 19:05:12 :: [appium_core.tests.SwipeVertical - setUp][INFO ] - Ios instance driver is created
